<?xml version="1.0" encoding="UTF-8"?>
<!-- Generated by org.testng.reporters.JUnitXMLReporter -->
<testsuite hostname="harshi" name="Default test" tests="3" failures="0" timestamp="20 Oct 2022 12:27:00 GMT" time="77.969" errors="0">
  <testcase name="Testcase1" time="2.439" classname="devsena.firstasestudy"/>
  <testcase name="Testcase2" time="2.991" classname="devsena.firstasestudy"/>
  <testcase name="Testcase3" time="24.221" classname="devsena.firstasestudy"/>
</testsuite> <!-- Default test -->
